<?xml version="1.0" encoding="UTF-8"?>
<testsuite name="com.example.book.BookApplicationTests" tests="1" skipped="0" failures="0" errors="0" timestamp="2023-03-15T12:21:59" hostname="DESKTOP-BSUQKEA" time="0.204">
  <properties/>
  <testcase name="contextLoads()" classname="com.example.book.BookApplicationTests" time="0.204"/>
  <system-out><![CDATA[20:21:55.368 [Test worker] DEBUG org.springframework.boot.test.context.SpringBootTestContextBootstrapper - Neither @ContextConfiguration nor @ContextHierarchy found for test class [BookApplicationTests]: using SpringBootContextLoader
20:21:55.373 [Test worker] DEBUG org.springframework.test.context.support.AbstractContextLoader - Could not detect default resource locations for test class [com.example.book.BookApplicationTests]: no resource found for suffixes {-context.xml, Context.groovy}.
20:21:55.374 [Test worker] INFO org.springframework.test.context.support.AnnotationConfigContextLoaderUtils - Could not detect default configuration classes for test class [com.example.book.BookApplicationTests]: BookApplicationTests does not declare any static, non-private, non-final, nested classes annotated with @Configuration.
20:21:55.397 [Test worker] DEBUG org.springframework.boot.test.context.SpringBootTestContextBootstrapper - Using ContextCustomizers for test class [BookApplicationTests]: [DisableObservabilityContextCustomizer, PropertyMappingContextCustomizer, Customizer, ExcludeFilterContextCustomizer, DuplicateJsonObjectContextCustomizer, MockitoContextCustomizer, TestRestTemplateContextCustomizer]
20:21:55.469 [Test worker] DEBUG org.springframework.context.annotation.ClassPathScanningCandidateComponentProvider - Identified candidate component class: file [C:\Users\zyt15\IdeaProjects\book\build\classes\java\main\com\example\book\BookApplication.class]
20:21:55.471 [Test worker] INFO org.springframework.boot.test.context.SpringBootTestContextBootstrapper - Found @SpringBootConfiguration com.example.book.BookApplication for test class com.example.book.BookApplicationTests
20:21:55.610 [Test worker] DEBUG org.springframework.boot.test.context.SpringBootTestContextBootstrapper - Using TestExecutionListeners for test class [BookApplicationTests]: [ServletTestExecutionListener, DirtiesContextBeforeModesTestExecutionListener, ApplicationEventsTestExecutionListener, MockitoTestExecutionListener, DependencyInjectionTestExecutionListener, DirtiesContextTestExecutionListener, TransactionalTestExecutionListener, SqlScriptsTestExecutionListener, EventPublishingTestExecutionListener, RestDocsTestExecutionListener, MockRestServiceServerResetTestExecutionListener, MockMvcPrintOnlyOnFailureTestExecutionListener, WebDriverTestExecutionListener, MockWebServiceServerTestExecutionListener, ResetMocksTestExecutionListener]
20:21:55.612 [Test worker] DEBUG org.springframework.test.context.support.AbstractDirtiesContextTestExecutionListener - Before test class: class [BookApplicationTests], class annotated with @DirtiesContext [false] with mode [null]

  .   ____          _            __ _ _
 /\\ / ___'_ __ _ _(_)_ __  __ _ \ \ \ \
( ( )\___ | '_ | '_| | '_ \/ _` | \ \ \ \
 \\/  ___)| |_)| | | | | || (_| |  ) ) ) )
  '  |____| .__|_| |_|_| |_\__, | / / / /
 =========|_|==============|___/=/_/_/_/
 :: Spring Boot ::                (v3.0.4)

2023-03-15T20:21:56.018+08:00  INFO 19516 --- [    Test worker] com.example.book.BookApplicationTests    : Starting BookApplicationTests using Java 17.0.6 with PID 19516 (started by zyt15 in C:\Users\zyt15\IdeaProjects\book)
2023-03-15T20:21:56.019+08:00  INFO 19516 --- [    Test worker] com.example.book.BookApplicationTests    : No active profile set, falling back to 1 default profile: "default"
2023-03-15T20:21:56.619+08:00  INFO 19516 --- [    Test worker] .s.d.r.c.RepositoryConfigurationDelegate : Bootstrapping Spring Data JPA repositories in DEFAULT mode.
2023-03-15T20:21:56.683+08:00  INFO 19516 --- [    Test worker] .s.d.r.c.RepositoryConfigurationDelegate : Finished Spring Data repository scanning in 53 ms. Found 3 JPA repository interfaces.
2023-03-15T20:21:57.068+08:00  INFO 19516 --- [    Test worker] o.hibernate.jpa.internal.util.LogHelper  : HHH000204: Processing PersistenceUnitInfo [name: default]
2023-03-15T20:21:57.126+08:00  INFO 19516 --- [    Test worker] org.hibernate.Version                    : HHH000412: Hibernate ORM core version 6.1.7.Final
2023-03-15T20:21:57.434+08:00  INFO 19516 --- [    Test worker] com.zaxxer.hikari.HikariDataSource       : HikariPool-1 - Starting...
2023-03-15T20:21:57.829+08:00  INFO 19516 --- [    Test worker] com.zaxxer.hikari.pool.HikariPool        : HikariPool-1 - Added connection com.mysql.cj.jdbc.ConnectionImpl@60f662bd
2023-03-15T20:21:57.831+08:00  INFO 19516 --- [    Test worker] com.zaxxer.hikari.HikariDataSource       : HikariPool-1 - Start completed.
2023-03-15T20:21:57.904+08:00  INFO 19516 --- [    Test worker] SQL dialect                              : HHH000400: Using dialect: org.hibernate.dialect.MySQLDialect
2023-03-15T20:21:58.714+08:00  INFO 19516 --- [    Test worker] o.h.e.t.j.p.i.JtaPlatformInitiator       : HHH000490: Using JtaPlatform implementation: [org.hibernate.engine.transaction.jta.platform.internal.NoJtaPlatform]
2023-03-15T20:21:58.731+08:00  INFO 19516 --- [    Test worker] j.LocalContainerEntityManagerFactoryBean : Initialized JPA EntityManagerFactory for persistence unit 'default'
2023-03-15T20:21:59.759+08:00  INFO 19516 --- [    Test worker] com.example.book.BookApplicationTests    : Started BookApplicationTests in 4.088 seconds (process running for 5.288)
]]></system-out>
  <system-err><![CDATA[]]></system-err>
</testsuite>
